# JRE version: OpenJDK Runtime Environment (11.0.11) (build 11.0.11+0-b60-7590822)
# Java VM: OpenJDK 64-Bit Server VM (11.0.11+0-b60-7590822, mixed mode, tiered, compressed oops, g1 gc, linux-amd64)
Heap:
 garbage-first heap   total 310272K, used 175353K [0x0000000080000000, 0x0000000100000000)
  region size 1024K, 129 young (132096K), 8 survivors (8192K)
 Metaspace       used 43192K, capacity 44339K, committed 44592K, reserved 1087488K
  class space    used 5469K, capacity 5907K, committed 6016K, reserved 1048576K
GC Heap History (20 events):
Event: 4,474 GC heap before
{Heap before GC invocations=8 (full 0):
 garbage-first heap   total 258048K, used 156125K [0x0000000080000000, 0x0000000100000000)
  region size 1024K, 120 young (122880K), 14 survivors (14336K)
 Metaspace       used 42950K, capacity 44100K, committed 44208K, reserved 1087488K
  class space    used 5441K, capacity 5856K, committed 5888K, reserved 1048576K
}
Event: 4,485 GC heap after
{Heap after GC invocations=9 (full 0):
 garbage-first heap   total 310272K, used 48776K [0x0000000080000000, 0x0000000100000000)
  region size 1024K, 10 young (10240K), 10 survivors (10240K)
 Metaspace       used 42950K, capacity 44100K, committed 44208K, reserved 1087488K
  class space    used 5441K, capacity 5856K, committed 5888K, reserved 1048576K
}
Event: 5,102 GC heap before
{Heap before GC invocations=9 (full 0):
 garbage-first heap   total 310272K, used 175752K [0x0000000080000000, 0x0000000100000000)
  region size 1024K, 134 young (137216K), 10 survivors (10240K)
 Metaspace       used 42954K, capacity 44101K, committed 44208K, reserved 1087488K
  class space    used 5441K, capacity 5856K, committed 5888K, reserved 1048576K
}
Event: 5,107 GC heap after
{Heap after GC invocations=10 (full 0):
 garbage-first heap   total 310272K, used 49025K [0x0000000080000000, 0x0000000100000000)
  region size 1024K, 10 young (10240K), 10 survivors (10240K)
 Metaspace       used 42954K, capacity 44101K, committed 44208K, reserved 1087488K
  class space    used 5441K, capacity 5856K, committed 5888K, reserved 1048576K
}
Event: 6,044 GC heap before
{Heap before GC invocations=10 (full 0):
 garbage-first heap   total 310272K, used 225153K [0x0000000080000000, 0x0000000100000000)
  region size 1024K, 181 young (185344K), 10 survivors (10240K)
 Metaspace       used 42969K, capacity 44165K, committed 44464K, reserved 1087488K
  class space    used 5441K, capacity 5856K, committed 5888K, reserved 1048576K
}
Event: 6,055 GC heap after
{Heap after GC invocations=11 (full 0):
 garbage-first heap   total 310272K, used 55229K [0x0000000080000000, 0x0000000100000000)
  region size 1024K, 16 young (16384K), 16 survivors (16384K)
 Metaspace       used 42969K, capacity 44165K, committed 44464K, reserved 1087488K
  class space    used 5441K, capacity 5856K, committed 5888K, reserved 1048576K
}
Event: 6,676 GC heap before
{Heap before GC invocations=11 (full 0):
 garbage-first heap   total 310272K, used 224189K [0x0000000080000000, 0x0000000100000000)
  region size 1024K, 181 young (185344K), 16 survivors (16384K)
 Metaspace       used 42969K, capacity 44165K, committed 44464K, reserved 1087488K
  class space    used 5441K, capacity 5856K, committed 5888K, reserved 1048576K
}
Event: 6,698 GC heap after
{Heap after GC invocations=12 (full 0):
 garbage-first heap   total 310272K, used 57400K [0x0000000080000000, 0x0000000100000000)
  region size 1024K, 12 young (12288K), 12 survivors (12288K)
 Metaspace       used 42969K, capacity 44165K, committed 44464K, reserved 1087488K
  class space    used 5441K, capacity 5856K, committed 5888K, reserved 1048576K
}
Event: 7,253 GC heap before
{Heap before GC invocations=12 (full 0):
 garbage-first heap   total 310272K, used 230456K [0x0000000080000000, 0x0000000100000000)
  region size 1024K, 181 young (185344K), 12 survivors (12288K)
 Metaspace       used 42969K, capacity 44165K, committed 44464K, reserved 1087488K
  class space    used 5441K, capacity 5856K, committed 5888K, reserved 1048576K
}
Event: 7,263 GC heap after
{Heap after GC invocations=13 (full 0):
 garbage-first heap   total 310272K, used 58337K [0x0000000080000000, 0x0000000100000000)
  region size 1024K, 13 young (13312K), 13 survivors (13312K)
 Metaspace       used 42969K, capacity 44165K, committed 44464K, reserved 1087488K
  class space    used 5441K, capacity 5856K, committed 5888K, reserved 1048576K
}
Event: 8,056 GC heap before
{Heap before GC invocations=13 (full 0):
 garbage-first heap   total 310272K, used 232417K [0x0000000080000000, 0x0000000100000000)
  region size 1024K, 181 young (185344K), 13 survivors (13312K)
 Metaspace       used 43167K, capacity 44339K, committed 44592K, reserved 1087488K
  class space    used 5468K, capacity 5907K, committed 6016K, reserved 1048576K
}
Event: 8,058 GC heap after
{Heap after GC invocations=14 (full 0):
 garbage-first heap   total 310272K, used 50164K [0x0000000080000000, 0x0000000100000000)
  region size 1024K, 6 young (6144K), 6 survivors (6144K)
 Metaspace       used 43167K, capacity 44339K, committed 44592K, reserved 1087488K
  class space    used 5468K, capacity 5907K, committed 6016K, reserved 1048576K
}
Event: 8,387 GC heap before
{Heap before GC invocations=14 (full 0):
 garbage-first heap   total 310272K, used 231412K [0x0000000080000000, 0x0000000100000000)
  region size 1024K, 181 young (185344K), 6 survivors (6144K)
 Metaspace       used 43184K, capacity 44339K, committed 44592K, reserved 1087488K
  class space    used 5469K, capacity 5907K, committed 6016K, reserved 1048576K
}
Event: 8,390 GC heap after
{Heap after GC invocations=15 (full 0):
 garbage-first heap   total 310272K, used 50291K [0x0000000080000000, 0x0000000100000000)
  region size 1024K, 6 young (6144K), 6 survivors (6144K)
 Metaspace       used 43184K, capacity 44339K, committed 44592K, reserved 1087488K
  class space    used 5469K, capacity 5907K, committed 6016K, reserved 1048576K
}
Event: 8,792 GC heap before
{Heap before GC invocations=15 (full 0):
 garbage-first heap   total 310272K, used 229491K [0x0000000080000000, 0x0000000100000000)
  region size 1024K, 182 young (186368K), 6 survivors (6144K)
 Metaspace       used 43186K, capacity 44339K, committed 44592K, reserved 1087488K
  class space    used 5469K, capacity 5907K, committed 6016K, reserved 1048576K
}
Event: 8,795 GC heap after
{Heap after GC invocations=16 (full 0):
 garbage-first heap   total 310272K, used 51194K [0x0000000080000000, 0x0000000100000000)
  region size 1024K, 7 young (7168K), 7 survivors (7168K)
 Metaspace       used 43186K, capacity 44339K, committed 44592K, reserved 1087488K
  class space    used 5469K, capacity 5907K, committed 6016K, reserved 1048576K
}
Event: 9,293 GC heap before
{Heap before GC invocations=16 (full 0):
 garbage-first heap   total 310272K, used 229370K [0x0000000080000000, 0x0000000100000000)
  region size 1024K, 181 young (185344K), 7 survivors (7168K)
 Metaspace       used 43190K, capacity 44339K, committed 44592K, reserved 1087488K
  class space    used 5469K, capacity 5907K, committed 6016K, reserved 1048576K
}
Event: 9,297 GC heap after
{Heap after GC invocations=17 (full 0):
 garbage-first heap   total 310272K, used 50220K [0x0000000080000000, 0x0000000100000000)
  region size 1024K, 6 young (6144K), 6 survivors (6144K)
 Metaspace       used 43190K, capacity 44339K, committed 44592K, reserved 1087488K
  class space    used 5469K, capacity 5907K, committed 6016K, reserved 1048576K
}
Event: 9,833 GC heap before
{Heap before GC invocations=17 (full 0):
 garbage-first heap   total 310272K, used 229420K [0x0000000080000000, 0x0000000100000000)
  region size 1024K, 181 young (185344K), 6 survivors (6144K)
 Metaspace       used 43191K, capacity 44339K, committed 44592K, reserved 1087488K
  class space    used 5469K, capacity 5907K, committed 6016K, reserved 1048576K
}
Event: 9,839 GC heap after
{Heap after GC invocations=18 (full 0):
 garbage-first heap   total 310272K, used 52473K [0x0000000080000000, 0x0000000100000000)
  region size 1024K, 8 young (8192K), 8 survivors (8192K)
 Metaspace       used 43191K, capacity 44339K, committed 44592K, reserved 1087488K
  class space    used 5469K, capacity 5907K, committed 6016K, reserved 1048576K
}

