# JRE version: OpenJDK Runtime Environment (11.0.10) (build 11.0.10+0-b96-7249189)
# Java VM: OpenJDK 64-Bit Server VM (11.0.10+0-b96-7249189, mixed mode, tiered, compressed oops, g1 gc, windows-amd64)
Heap:
 garbage-first heap   total 262144K, used 49230K [0x0000000080000000, 0x0000000100000000)
  region size 1024K, 33 young (33792K), 12 survivors (12288K)
 Metaspace       used 46025K, capacity 47218K, committed 47484K, reserved 1091584K
  class space    used 5882K, capacity 6301K, committed 6400K, reserved 1048576K
GC Heap History (10 events):
Event: 0.744 GC heap before
{Heap before GC invocations=0 (full 0):
 garbage-first heap   total 262144K, used 29696K [0x0000000080000000, 0x0000000100000000)
  region size 1024K, 24 young (24576K), 0 survivors (0K)
 Metaspace       used 9851K, capacity 10026K, committed 10112K, reserved 1058816K
  class space    used 1017K, capacity 1070K, committed 1152K, reserved 1048576K
}
Event: 0.748 GC heap after
{Heap after GC invocations=1 (full 0):
 garbage-first heap   total 262144K, used 9305K [0x0000000080000000, 0x0000000100000000)
  region size 1024K, 3 young (3072K), 3 survivors (3072K)
 Metaspace       used 9851K, capacity 10026K, committed 10112K, reserved 1058816K
  class space    used 1017K, capacity 1070K, committed 1152K, reserved 1048576K
}
Event: 2.613 GC heap before
{Heap before GC invocations=1 (full 0):
 garbage-first heap   total 262144K, used 108633K [0x0000000080000000, 0x0000000100000000)
  region size 1024K, 101 young (103424K), 3 survivors (3072K)
 Metaspace       used 20730K, capacity 21222K, committed 21296K, reserved 1069056K
  class space    used 2514K, capacity 2688K, committed 2688K, reserved 1048576K
}
Event: 2.650 GC heap after
{Heap after GC invocations=2 (full 0):
 garbage-first heap   total 262144K, used 16691K [0x0000000080000000, 0x0000000100000000)
  region size 1024K, 11 young (11264K), 11 survivors (11264K)
 Metaspace       used 20730K, capacity 21222K, committed 21296K, reserved 1069056K
  class space    used 2514K, capacity 2688K, committed 2688K, reserved 1048576K
}
Event: 2.948 GC heap before
{Heap before GC invocations=3 (full 0):
 garbage-first heap   total 262144K, used 39219K [0x0000000080000000, 0x0000000100000000)
  region size 1024K, 33 young (33792K), 11 survivors (11264K)
 Metaspace       used 22314K, capacity 22889K, committed 23216K, reserved 1069056K
  class space    used 2826K, capacity 3034K, committed 3072K, reserved 1048576K
}
Event: 2.955 GC heap after
{Heap after GC invocations=4 (full 0):
 garbage-first heap   total 262144K, used 17637K [0x0000000080000000, 0x0000000100000000)
  region size 1024K, 1 young (1024K), 1 survivors (1024K)
 Metaspace       used 22314K, capacity 22889K, committed 23216K, reserved 1069056K
  class space    used 2826K, capacity 3034K, committed 3072K, reserved 1048576K
}
Event: 4.778 GC heap before
{Heap before GC invocations=4 (full 0):
 garbage-first heap   total 262144K, used 107749K [0x0000000080000000, 0x0000000100000000)
  region size 1024K, 90 young (92160K), 1 survivors (1024K)
 Metaspace       used 34842K, capacity 35614K, committed 35708K, reserved 1081344K
  class space    used 4520K, capacity 4832K, committed 4864K, reserved 1048576K
}
Event: 4.785 GC heap after
{Heap after GC invocations=5 (full 0):
 garbage-first heap   total 262144K, used 22078K [0x0000000080000000, 0x0000000100000000)
  region size 1024K, 6 young (6144K), 6 survivors (6144K)
 Metaspace       used 34842K, capacity 35614K, committed 35708K, reserved 1081344K
  class space    used 4520K, capacity 4832K, committed 4864K, reserved 1048576K
}
Event: 5.881 GC heap before
{Heap before GC invocations=6 (full 0):
 garbage-first heap   total 262144K, used 144958K [0x0000000080000000, 0x0000000100000000)
  region size 1024K, 123 young (125952K), 6 survivors (6144K)
 Metaspace       used 44536K, capacity 45665K, committed 45948K, reserved 1089536K
  class space    used 5689K, capacity 6105K, committed 6144K, reserved 1048576K
}
Event: 5.888 GC heap after
{Heap after GC invocations=7 (full 0):
 garbage-first heap   total 262144K, used 28750K [0x0000000080000000, 0x0000000100000000)
  region size 1024K, 12 young (12288K), 12 survivors (12288K)
 Metaspace       used 44536K, capacity 45665K, committed 45948K, reserved 1089536K
  class space    used 5689K, capacity 6105K, committed 6144K, reserved 1048576K
}

